Arguments: 
  C:\Program Files\nodejs\node.exe C:\Program Files (x86)\Yarn\bin\yarn.js webpack-dev-server

PATH: 
  C:\Program Files\Haskell\bin;C:\Program Files\Haskell Platform\8.6.5\lib\extralibs\bin;C:\Program Files\Haskell Platform\8.6.5\bin;C:\ProgramData\Oracle\Java\javapath;C:\Program Files (x86)\Intel\iCLS Client\;C:\Program Files\Intel\iCLS Client\;C:\Windows\system32;C:\Windows;C:\Windows\System32\Wbem;C:\Windows\System32\WindowsPowerShell\v1.0\;C:\Program Files (x86)\NVIDIA Corporation\PhysX\Common;C:\Program Files (x86)\Intel\Intel(R) Management Engine Components\DAL;C:\Program Files\Intel\Intel(R) Management Engine Components\DAL;C:\Program Files (x86)\Intel\Intel(R) Management Engine Components\IPT;C:\Program Files\Intel\Intel(R) Management Engine Components\IPT;C:\WINDOWS\system32;C:\WINDOWS;C:\WINDOWS\System32\Wbem;C:\WINDOWS\System32\WindowsPowerShell\v1.0\;C:\Program Files\Microsoft SQL Server\130\Tools\Binn\;C:\Program Files\dotnet\;C:\Program Files\Microsoft SQL Server\Client SDK\ODBC\130\Tools\Binn\;C:\Program Files (x86)\Microsoft SQL Server\130\Tools\Binn\;C:\Program Files\Microsoft SQL Server\130\DTS\Binn\;C:\Program Files\Git\cmd;C:\Users\cvvx\.dnx\bin;C:\Program Files\Microsoft DNX\Dnvm\;C:\Program Files (x86)\Calibre2\;C:\Program Files (x86)\Yarn\bin\;C:\Program Files\nodejs\;C:\Program Files\PuTTY\;C:\WINDOWS\System32\OpenSSH\;C:\Program Files\NVIDIA Corporation\NVIDIA NvDLISR;C:\Program Files\Haskell Platform\8.6.5\mingw\bin;C:\Program Files (x86)\Microsoft SQL Server\150\DTS\Binn\;C:\WINDOWS\system32;C:\WINDOWS;C:\WINDOWS\System32\Wbem;C:\WINDOWS\System32\WindowsPowerShell\v1.0\;C:\WINDOWS\System32\OpenSSH\;C:\Program Files\Intel\WiFi\bin\;C:\Program Files\Common Files\Intel\WirelessCommon\;C:\Users\cvvx\AppData\Roaming\cabal\bin;C:\Users\cvvx\AppData\Roaming\local\bin;C:\Program Files (x86)\Elm Platform\0.18\bin;C:\Users\cvvx\AppData\Local\Microsoft\WindowsApps;C:\Program Files\Microsoft VS Code\bin;C:\Users\cvvx\AppData\Local\Yarn\bin;C:\Users\cvvx\AppData\Roaming\npm;C:\Users\cvvx\.dotnet\tools;C:\Users\cvvx\AppData\Local\Microsoft\WindowsApps;;C:\Users\cvvx\AppData\Local\Programs\Microsoft VS Code\bin

Yarn version: 
  1.5.1

Node version: 
  8.10.0

Platform: 
  win32 x64

npm manifest: 
  {
      "private": true,
      "devDependencies": {
          "@babel/core": "^7.4.4",
          "@babel/plugin-transform-runtime": "^7.4.4",
          "@babel/polyfill": "^7.4.4",
          "@babel/preset-env": "^7.4.4",
          "@babel/runtime": "^7.4.4",
          "babel-loader": "^8.0.5",
          "copy-webpack-plugin": "^4.6.0",
          "core-js": "^3.0.1",
          "css-loader": "^2.0.1",
          "fable-compiler": "^2.3.3",
          "fable-loader": "^2.1.6",
          "html-webpack-plugin": "^3.2.0",
          "mini-css-extract-plugin": "^0.5.0",
          "react": "16.5.2",
          "react-dom": "16.5.2",
          "remotedev": "^0.2.9",
          "sass": "^1.15.2",
          "sass-loader": "^7.1.0",
          "style-loader": "^0.23.1",
          "webpack": "^4.27.1",
          "webpack-cli": "^3.1.2",
          "webpack-dev-server": "^3.1.14",
          "whatwg-fetch": "^3.0.0"
      }
  }

yarn manifest: 
  No manifest

Lockfile: 
  No lockfile

Trace: 
  Error: Command failed.
  Exit code: 3221225786
  Command: C:\WINDOWS\system32\cmd.exe
  Arguments: /d /s /c C:\Users\cvvx\project\test\meeting-room\node_modules\.bin\webpack-dev-server
  Directory: C:\Users\cvvx\project\test\meeting-room
  Output:
  
      at ProcessTermError.MessageError (C:\Program Files (x86)\Yarn\lib\cli.js:186:110)
      at new ProcessTermError (C:\Program Files (x86)\Yarn\lib\cli.js:226:113)
      at ChildProcess.<anonymous> (C:\Program Files (x86)\Yarn\lib\cli.js:30281:17)
      at emitTwo (events.js:126:13)
      at ChildProcess.emit (events.js:214:7)
      at maybeClose (internal/child_process.js:925:16)
      at Process.ChildProcess._handle.onexit (internal/child_process.js:209:5)
